Flow report for processor_16bits
Wed Nov 29 19:10:10 2023
Quartus Prime Version 18.1.0 Build 625 09/12/2018 SJ Lite Edition


---------------------
; Table of Contents ;
---------------------
  1. Legal Notice
  2. Flow Summary
  3. Flow Settings
  4. Flow Non-Default Global Settings
  5. Flow Elapsed Time
  6. Flow OS Summary
  7. Flow Log
  8. Flow Messages
  9. Flow Suppressed Messages



----------------
; Legal Notice ;
----------------
Copyright (C) 2018  Intel Corporation. All rights reserved.
Your use of Intel Corporation's design tools, logic functions 
and other software and tools, and its AMPP partner logic 
functions, and any output files from any of the foregoing 
(including device programming or simulation files), and any 
associated documentation or information are expressly subject 
to the terms and conditions of the Intel Program License 
Subscription Agreement, the Intel Quartus Prime License Agreement,
the Intel FPGA IP License Agreement, or other applicable license
agreement, including, without limitation, that your use is for
the sole purpose of programming logic devices manufactured by
Intel and sold by Intel or its authorized distributors.  Please
refer to the applicable agreement for further details.



+-------------------------------------------------------------------------------+
; Flow Summary                                                                  ;
+---------------------------------+---------------------------------------------+
; Flow Status                     ; Successful - Wed Nov 29 19:10:10 2023       ;
; Quartus Prime Version           ; 18.1.0 Build 625 09/12/2018 SJ Lite Edition ;
; Revision Name                   ; processor_16bits                            ;
; Top-level Entity Name           ; Trinity                                     ;
; Family                          ; Cyclone V                                   ;
; Device                          ; 5CGXFC7C7F23C8                              ;
; Timing Models                   ; Final                                       ;
; Logic utilization (in ALMs)     ; 131 / 56,480 ( < 1 % )                      ;
; Total registers                 ; 48                                          ;
; Total pins                      ; 146 / 268 ( 54 % )                          ;
; Total virtual pins              ; 0                                           ;
; Total block memory bits         ; 128 / 7,024,640 ( < 1 % )                   ;
; Total DSP Blocks                ; 0 / 156 ( 0 % )                             ;
; Total HSSI RX PCSs              ; 0 / 6 ( 0 % )                               ;
; Total HSSI PMA RX Deserializers ; 0 / 6 ( 0 % )                               ;
; Total HSSI TX PCSs              ; 0 / 6 ( 0 % )                               ;
; Total HSSI PMA TX Serializers   ; 0 / 6 ( 0 % )                               ;
; Total PLLs                      ; 0 / 13 ( 0 % )                              ;
; Total DLLs                      ; 0 / 4 ( 0 % )                               ;
+---------------------------------+---------------------------------------------+


+-----------------------------------------+
; Flow Settings                           ;
+-------------------+---------------------+
; Option            ; Setting             ;
+-------------------+---------------------+
; Start date & time ; 11/29/2023 19:07:52 ;
; Main task         ; Compilation         ;
; Revision Name     ; processor_16bits    ;
+-------------------+---------------------+


+--------------------------------------------------------------------------------------------------------------------------------+
; Flow Non-Default Global Settings                                                                                               ;
+-------------------------------------+----------------------------------------+------------------+-------------+----------------+
; Assignment Name                     ; Value                                  ; Default Value    ; Entity Name ; Section Id     ;
+-------------------------------------+----------------------------------------+------------------+-------------+----------------+
; COMPILER_SIGNATURE_ID               ; 238300923073299.170129927212492        ; --               ; --          ; --             ;
; EDA_OUTPUT_DATA_FORMAT              ; None                                   ; --               ; --          ; eda_simulation ;
; EDA_RUN_TOOL_AUTOMATICALLY          ; Off                                    ; --               ; --          ; eda_simulation ;
; EDA_TIME_SCALE                      ; 1 ps                                   ; --               ; --          ; eda_simulation ;
; MAX_CORE_JUNCTION_TEMP              ; 85                                     ; --               ; --          ; --             ;
; MIN_CORE_JUNCTION_TEMP              ; 0                                      ; --               ; --          ; --             ;
; PARTITION_COLOR                     ; -- (Not supported for targeted family) ; --               ; Trinity     ; Top            ;
; PARTITION_FITTER_PRESERVATION_LEVEL ; -- (Not supported for targeted family) ; --               ; Trinity     ; Top            ;
; PARTITION_NETLIST_TYPE              ; -- (Not supported for targeted family) ; --               ; Trinity     ; Top            ;
; POWER_BOARD_THERMAL_MODEL           ; None (CONSERVATIVE)                    ; --               ; --          ; --             ;
; POWER_PRESET_COOLING_SOLUTION       ; 23 MM HEAT SINK WITH 200 LFPM AIRFLOW  ; --               ; --          ; --             ;
; PROJECT_OUTPUT_DIRECTORY            ; output_files                           ; --               ; --          ; --             ;
; TOP_LEVEL_ENTITY                    ; Trinity                                ; processor_16bits ; --          ; --             ;
+-------------------------------------+----------------------------------------+------------------+-------------+----------------+


+--------------------------------------------------------------------------------------------------------------------------+
; Flow Elapsed Time                                                                                                        ;
+----------------------+--------------+-------------------------+---------------------+------------------------------------+
; Module Name          ; Elapsed Time ; Average Processors Used ; Peak Virtual Memory ; Total CPU Time (on all processors) ;
+----------------------+--------------+-------------------------+---------------------+------------------------------------+
; Analysis & Synthesis ; 00:00:10     ; 1.0                     ; 4900 MB             ; 00:00:19                           ;
; Fitter               ; 00:01:08     ; 1.0                     ; 7042 MB             ; 00:02:48                           ;
; Assembler            ; 00:00:05     ; 1.0                     ; 4825 MB             ; 00:00:06                           ;
; Timing Analyzer      ; 00:00:07     ; 1.2                     ; 5265 MB             ; 00:00:07                           ;
; EDA Netlist Writer   ; 00:00:01     ; 1.0                     ; 4711 MB             ; 00:00:01                           ;
; EDA Netlist Writer   ; 00:00:01     ; 1.0                     ; 4722 MB             ; 00:00:01                           ;
; Total                ; 00:01:32     ; --                      ; --                  ; 00:03:22                           ;
+----------------------+--------------+-------------------------+---------------------+------------------------------------+


+------------------------------------------------------------------------------------+
; Flow OS Summary                                                                    ;
+----------------------+------------------+------------+------------+----------------+
; Module Name          ; Machine Hostname ; OS Name    ; OS Version ; Processor type ;
+----------------------+------------------+------------+------------+----------------+
; Analysis & Synthesis ; DESKTOP-6MJQVQP  ; Windows 10 ; 10.0       ; x86_64         ;
; Fitter               ; DESKTOP-6MJQVQP  ; Windows 10 ; 10.0       ; x86_64         ;
; Assembler            ; DESKTOP-6MJQVQP  ; Windows 10 ; 10.0       ; x86_64         ;
; Timing Analyzer      ; DESKTOP-6MJQVQP  ; Windows 10 ; 10.0       ; x86_64         ;
; EDA Netlist Writer   ; DESKTOP-6MJQVQP  ; Windows 10 ; 10.0       ; x86_64         ;
; EDA Netlist Writer   ; DESKTOP-6MJQVQP  ; Windows 10 ; 10.0       ; x86_64         ;
+----------------------+------------------+------------+------------+----------------+


------------
; Flow Log ;
------------
quartus_map --read_settings_files=on --write_settings_files=off processor_16bits -c processor_16bits
quartus_fit --read_settings_files=off --write_settings_files=off processor_16bits -c processor_16bits
quartus_asm --read_settings_files=off --write_settings_files=off processor_16bits -c processor_16bits
quartus_sta processor_16bits -c processor_16bits
quartus_eda --gen_testbench --tool=modelsim_oem --format=vhdl --write_settings_files=off processor_16bits -c processor_16bits --vector_source=E:/IntelFPGA_lite/18.1/AOC_VIcenteWilliamRafael_UFRR_2023-main/Waveform1.vwf --testbench_file=E:/IntelFPGA_lite/18.1/AOC_VIcenteWilliamRafael_UFRR_2023-main/simulation/qsim/Waveform1.vwf.vht
quartus_eda --write_settings_files=off --simulation=on --functional=on --flatten_buses=off --tool=modelsim_oem --format=vhdl --output_directory=E:/IntelFPGA_lite/18.1/AOC_VIcenteWilliamRafael_UFRR_2023-main/simulation/qsim/ processor_16bits -c processor_16bits



